<?xml version="1.0" encoding="UTF-8"?>
<!-- Generated by org.testng.reporters.JUnitXMLReporter -->
<testsuite ignored="0" hostname="LAPTOP-52KAV6VB" failures="0" tests="3" name="Command line test" time="175.243" errors="0" timestamp="2022-11-29T15:37:07 IST">
  <testcase classname="com.testcases.LoginTest" name="loginPageTitleTest" time="0.024"/>
  <testcase classname="com.testcases.LoginTest" name="crmLogoImageTest" time="0.061"/>
  <testcase classname="com.testcases.LoginTest" name="FLOlogin" time="0.419"/>
</testsuite> <!-- Command line test -->
