<?xml version="1.0" encoding="UTF-8"?>
<testng-results ignored="0" total="3" passed="3" failed="0" skipped="0">
  <reporter-output>
  </reporter-output>
  <suite started-at="2022-11-29T15:34:12 IST" name="com.testcases.LoginTest" finished-at="2022-11-29T15:37:07 IST" duration-ms="175243">
    <groups>
    </groups>
    <test started-at="2022-11-29T15:34:12 IST" name="Command line test" finished-at="2022-11-29T15:37:07 IST" duration-ms="175243">
      <class name="com.testcases.LoginTest">
        <test-method is-config="true" signature="setup()[pri:0, instance:com.testcases.LoginTest@6a79c292]" started-at="2022-11-29T15:34:12 IST" name="setup" finished-at="2022-11-29T15:35:19 IST" duration-ms="66642" status="PASS">
          <reporter-output>
          </reporter-output>
        </test-method> <!-- setup -->
        <test-method signature="loginPageTitleTest()[pri:1, instance:com.testcases.LoginTest@6a79c292]" started-at="2022-11-29T15:35:19 IST" name="loginPageTitleTest" finished-at="2022-11-29T15:35:19 IST" duration-ms="24" status="PASS">
          <reporter-output>
          </reporter-output>
        </test-method> <!-- loginPageTitleTest -->
        <test-method is-config="true" signature="teardown()[pri:0, instance:com.testcases.LoginTest@6a79c292]" started-at="2022-11-29T15:35:19 IST" name="teardown" finished-at="2022-11-29T15:35:19 IST" duration-ms="1" status="PASS">
          <reporter-output>
          </reporter-output>
        </test-method> <!-- teardown -->
        <test-method is-config="true" signature="setup()[pri:0, instance:com.testcases.LoginTest@6a79c292]" started-at="2022-11-29T15:35:19 IST" name="setup" finished-at="2022-11-29T15:36:15 IST" duration-ms="56500" status="PASS">
          <reporter-output>
          </reporter-output>
        </test-method> <!-- setup -->
        <test-method signature="crmLogoImageTest()[pri:2, instance:com.testcases.LoginTest@6a79c292]" started-at="2022-11-29T15:36:15 IST" name="crmLogoImageTest" finished-at="2022-11-29T15:36:15 IST" duration-ms="61" status="PASS">
          <reporter-output>
          </reporter-output>
        </test-method> <!-- crmLogoImageTest -->
        <test-method is-config="true" signature="teardown()[pri:0, instance:com.testcases.LoginTest@6a79c292]" started-at="2022-11-29T15:36:15 IST" name="teardown" finished-at="2022-11-29T15:36:15 IST" duration-ms="1" status="PASS">
          <reporter-output>
          </reporter-output>
        </test-method> <!-- teardown -->
        <test-method is-config="true" signature="setup()[pri:0, instance:com.testcases.LoginTest@6a79c292]" started-at="2022-11-29T15:36:15 IST" name="setup" finished-at="2022-11-29T15:37:07 IST" duration-ms="51562" status="PASS">
          <reporter-output>
          </reporter-output>
        </test-method> <!-- setup -->
        <test-method signature="FLOlogin()[pri:3, instance:com.testcases.LoginTest@6a79c292]" started-at="2022-11-29T15:37:07 IST" name="FLOlogin" finished-at="2022-11-29T15:37:07 IST" duration-ms="419" status="PASS">
          <reporter-output>
          </reporter-output>
        </test-method> <!-- FLOlogin -->
        <test-method is-config="true" signature="teardown()[pri:0, instance:com.testcases.LoginTest@6a79c292]" started-at="2022-11-29T15:37:07 IST" name="teardown" finished-at="2022-11-29T15:37:07 IST" duration-ms="0" status="PASS">
          <reporter-output>
          </reporter-output>
        </test-method> <!-- teardown -->
      </class> <!-- com.testcases.LoginTest -->
    </test> <!-- Command line test -->
  </suite> <!-- com.testcases.LoginTest -->
</testng-results>
